{"node_id":3,"message_type":"HEARTBEAT","status":"UP","timestamp":"2024-11-18T00:46:54.784639"}
{"node_id":3,"message_type":"REGISTRATION","service_name":"Inventory Service","timestamp":"2024-11-18T00:46:54.784639"}
{"message_type":"REGISTRY","node_id":3,"service_name":"Inventory Service","status":"UP","timestamp":"2024-11-18T00:46:54.786654"}
{"log_id":"b7e25ebe-1ae1-43c6-bf19-b3eaf87e11e7","node_id":3,"log_level":"INFO","message_type":"LOG","message":"INFO: General operation log for Inventory Service.","service_name":"Inventory Service","timestamp":"2024-11-18T00:46:54.786654"}
{"log_id":"a24b328c-b6db-4a7e-ba01-d1381bd5fa54","node_id":3,"log_level":"WARN","message_type":"LOG","message":"WARN: Response time high for Inventory Service.","service_name":"Inventory Service","response_time_ms":489,"threshold_limit_ms":300,"timestamp":"2024-11-18T00:46:55.787866"}
{"log_id":"2acb78fb-75c6-4628-bf75-c1b77d6a20e3","node_id":3,"log_level":"WARN","message_type":"LOG","message":"WARN: Response time high for Inventory Service.","service_name":"Inventory Service","response_time_ms":459,"threshold_limit_ms":300,"timestamp":"2024-11-18T00:46:56.788883"}
{"log_id":"dcb1f11b-d92f-414d-936b-b9249fb7a13f","node_id":3,"log_level":"WARN","message_type":"LOG","message":"WARN: Response time high for Inventory Service.","service_name":"Inventory Service","response_time_ms":414,"threshold_limit_ms":300,"timestamp":"2024-11-18T00:46:57.790806"}
{"log_id":"efa0f32e-ba61-4669-92fe-1419aa3783b0","node_id":3,"log_level":"INFO","message_type":"LOG","message":"INFO: General operation log for Inventory Service.","service_name":"Inventory Service","timestamp":"2024-11-18T00:46:58.792194"}
{"node_id":3,"message_type":"HEARTBEAT","status":"UP","timestamp":"2024-11-18T00:46:59.787074"}
{"log_id":"60cc768a-688f-4fa2-a54f-c9e70399ff3a","node_id":3,"log_level":"INFO","message_type":"LOG","message":"INFO: General operation log for Inventory Service.","service_name":"Inventory Service","timestamp":"2024-11-18T00:46:59.793661"}
{"log_id":"6d482957-e6ff-499d-8a1e-7694416f3a1b","node_id":3,"log_level":"INFO","message_type":"LOG","message":"INFO: General operation log for Inventory Service.","service_name":"Inventory Service","timestamp":"2024-11-18T00:47:00.795702"}
{"log_id":"6ad1a50d-0ca6-4510-a764-eb8dad8a7e13","node_id":3,"log_level":"ERROR","message_type":"LOG","message":"ERROR: Issue detected in Inventory Service.","service_name":"Inventory Service","error_details":{"error_code":"500","error_message":"Internal server error"},"timestamp":"2024-11-18T00:47:01.797073"}
{"log_id":"cd0c6691-3c16-41fa-a9fa-f59349a94f20","node_id":3,"log_level":"INFO","message_type":"LOG","message":"INFO: General operation log for Inventory Service.","service_name":"Inventory Service","timestamp":"2024-11-18T00:47:02.798439"}
{"log_id":"407a4aab-4e74-4068-9865-33627eac0975","node_id":3,"log_level":"WARN","message_type":"LOG","message":"WARN: Response time high for Inventory Service.","service_name":"Inventory Service","response_time_ms":469,"threshold_limit_ms":300,"timestamp":"2024-11-18T00:47:03.799629"}
{"node_id":3,"message_type":"HEARTBEAT","status":"UP","timestamp":"2024-11-18T00:47:04.787684"}
{"log_id":"36fa1cbc-7b11-47ab-87e7-6fa95788e624","node_id":3,"log_level":"ERROR","message_type":"LOG","message":"ERROR: Issue detected in Inventory Service.","service_name":"Inventory Service","error_details":{"error_code":"500","error_message":"Internal server error"},"timestamp":"2024-11-18T00:47:04.800793"}
{"log_id":"e4d917e5-94bb-43f2-9b0c-ac548a447ecb","node_id":3,"log_level":"WARN","message_type":"LOG","message":"WARN: Response time high for Inventory Service.","service_name":"Inventory Service","response_time_ms":421,"threshold_limit_ms":300,"timestamp":"2024-11-18T00:47:05.801617"}
{"log_id":"3e41d4fa-cda8-429f-841e-bff7593777f5","node_id":3,"log_level":"INFO","message_type":"LOG","message":"INFO: General operation log for Inventory Service.","service_name":"Inventory Service","timestamp":"2024-11-18T00:47:06.803609"}
{"log_id":"f4eee30e-e37d-47e7-a681-c3f34c0cdbc3","node_id":3,"log_level":"INFO","message_type":"LOG","message":"INFO: General operation log for Inventory Service.","service_name":"Inventory Service","timestamp":"2024-11-18T00:47:07.804985"}
{"log_id":"20fec2d0-7fbb-49d5-b44d-a2d0e1d056e2","node_id":3,"log_level":"INFO","message_type":"LOG","message":"INFO: General operation log for Inventory Service.","service_name":"Inventory Service","timestamp":"2024-11-18T00:47:08.806488"}
{"node_id":3,"message_type":"HEARTBEAT","status":"UP","timestamp":"2024-11-18T00:47:09.788793"}
{"log_id":"aa67e370-e49b-45b3-a806-c91b6fdea25a","node_id":3,"log_level":"INFO","message_type":"LOG","message":"INFO: General operation log for Inventory Service.","service_name":"Inventory Service","timestamp":"2024-11-18T00:47:09.807493"}
{"log_id":"546e94e0-a31c-4932-9252-bfc7fc490e15","node_id":3,"log_level":"INFO","message_type":"LOG","message":"INFO: General operation log for Inventory Service.","service_name":"Inventory Service","timestamp":"2024-11-18T00:47:10.808337"}
{"log_id":"55b00b04-3f2a-42f7-8133-44ce6ae80e90","node_id":3,"log_level":"INFO","message_type":"LOG","message":"INFO: General operation log for Inventory Service.","service_name":"Inventory Service","timestamp":"2024-11-18T00:47:11.809055"}
{"log_id":"ce4d73ad-670d-4ccb-ac6b-ad2b031ad7e8","node_id":3,"log_level":"WARN","message_type":"LOG","message":"WARN: Response time high for Inventory Service.","service_name":"Inventory Service","response_time_ms":432,"threshold_limit_ms":300,"timestamp":"2024-11-18T00:47:12.809915"}
{"log_id":"02626eb8-e654-4a23-a999-2a9a8d666fac","node_id":3,"log_level":"INFO","message_type":"LOG","message":"INFO: General operation log for Inventory Service.","service_name":"Inventory Service","timestamp":"2024-11-18T00:47:13.810772"}
{"node_id":3,"message_type":"HEARTBEAT","status":"UP","timestamp":"2024-11-18T00:47:14.790223"}
{"log_id":"f7954630-d8c9-4af1-bf66-d3158bcef594","node_id":3,"log_level":"INFO","message_type":"LOG","message":"INFO: General operation log for Inventory Service.","service_name":"Inventory Service","timestamp":"2024-11-18T00:47:14.811511"}
{"log_id":"a980e92b-d37a-48ea-954e-d984fd20fc5f","node_id":3,"log_level":"INFO","message_type":"LOG","message":"INFO: General operation log for Inventory Service.","service_name":"Inventory Service","timestamp":"2024-11-18T00:47:15.812938"}
{"log_id":"0b0074c5-9c15-4289-8b32-dfca24fc047c","node_id":3,"log_level":"INFO","message_type":"LOG","message":"INFO: General operation log for Inventory Service.","service_name":"Inventory Service","timestamp":"2024-11-18T00:47:16.814410"}
{"log_id":"20806566-a0bb-470c-a627-5fb10a1ff3fc","node_id":3,"log_level":"INFO","message_type":"LOG","message":"INFO: General operation log for Inventory Service.","service_name":"Inventory Service","timestamp":"2024-11-18T00:47:17.815806"}
{"log_id":"539e6f9d-f2c2-4593-aed9-411c492edff8","node_id":3,"log_level":"INFO","message_type":"LOG","message":"INFO: General operation log for Inventory Service.","service_name":"Inventory Service","timestamp":"2024-11-18T00:47:18.816597"}
{"node_id":3,"message_type":"HEARTBEAT","status":"UP","timestamp":"2024-11-18T00:47:19.791673"}
{"log_id":"761eccf9-5f70-467e-a980-7ad80632e21b","node_id":3,"log_level":"INFO","message_type":"LOG","message":"INFO: General operation log for Inventory Service.","service_name":"Inventory Service","timestamp":"2024-11-18T00:47:19.818504"}
{"log_id":"aab66d6c-8944-4e95-bbc8-2b06f0e4e871","node_id":3,"log_level":"INFO","message_type":"LOG","message":"INFO: General operation log for Inventory Service.","service_name":"Inventory Service","timestamp":"2024-11-18T00:47:20.819748"}
{"log_id":"aff6f758-576c-454a-815c-887ad9400473","node_id":3,"log_level":"INFO","message_type":"LOG","message":"INFO: General operation log for Inventory Service.","service_name":"Inventory Service","timestamp":"2024-11-18T00:47:21.820729"}
{"log_id":"4f19fb8e-3606-485d-97d5-69347b4a4493","node_id":3,"log_level":"WARN","message_type":"LOG","message":"WARN: Response time high for Inventory Service.","service_name":"Inventory Service","response_time_ms":448,"threshold_limit_ms":300,"timestamp":"2024-11-18T00:47:22.821462"}
{"log_id":"859fd5d4-2fb7-478c-8d48-fd62c8ddf7b0","node_id":3,"log_level":"INFO","message_type":"LOG","message":"INFO: General operation log for Inventory Service.","service_name":"Inventory Service","timestamp":"2024-11-18T00:47:23.822068"}
{"node_id":3,"message_type":"HEARTBEAT","status":"UP","timestamp":"2024-11-18T00:47:24.792673"}
{"log_id":"78809608-3987-4aca-adf8-5133635e0177","node_id":3,"log_level":"INFO","message_type":"LOG","message":"INFO: General operation log for Inventory Service.","service_name":"Inventory Service","timestamp":"2024-11-18T00:47:24.823079"}
{"log_id":"b3be949e-9ced-4442-a023-35cbe382028c","node_id":3,"log_level":"WARN","message_type":"LOG","message":"WARN: Response time high for Inventory Service.","service_name":"Inventory Service","response_time_ms":407,"threshold_limit_ms":300,"timestamp":"2024-11-18T00:47:25.823991"}
{"log_id":"c43843de-a670-4b45-98e0-7204950950fc","node_id":3,"log_level":"INFO","message_type":"LOG","message":"INFO: General operation log for Inventory Service.","service_name":"Inventory Service","timestamp":"2024-11-18T00:47:26.824934"}
{"log_id":"0ba3a04b-1a90-499e-b949-4db938aac239","node_id":3,"log_level":"WARN","message_type":"LOG","message":"WARN: Response time high for Inventory Service.","service_name":"Inventory Service","response_time_ms":400,"threshold_limit_ms":300,"timestamp":"2024-11-18T00:47:27.826071"}
{"log_id":"546ea0b1-00c3-4f3e-b37c-d1a98203a19e","node_id":3,"log_level":"INFO","message_type":"LOG","message":"INFO: General operation log for Inventory Service.","service_name":"Inventory Service","timestamp":"2024-11-18T00:47:28.827698"}
{"node_id":3,"message_type":"HEARTBEAT","status":"UP","timestamp":"2024-11-18T00:47:29.794296"}
{"log_id":"8b51bcfb-3c48-4510-8c74-004e8b603f3b","node_id":3,"log_level":"ERROR","message_type":"LOG","message":"ERROR: Issue detected in Inventory Service.","service_name":"Inventory Service","error_details":{"error_code":"500","error_message":"Internal server error"},"timestamp":"2024-11-18T00:47:29.828735"}
{"log_id":"907f4583-7c90-4827-82a9-fd8647114544","node_id":3,"log_level":"ERROR","message_type":"LOG","message":"ERROR: Issue detected in Inventory Service.","service_name":"Inventory Service","error_details":{"error_code":"500","error_message":"Internal server error"},"timestamp":"2024-11-18T00:47:30.829596"}
{"log_id":"40040ff3-fdc8-4e29-80cd-a4c3185699bb","node_id":3,"log_level":"INFO","message_type":"LOG","message":"INFO: General operation log for Inventory Service.","service_name":"Inventory Service","timestamp":"2024-11-18T00:47:31.830488"}
{"log_id":"0db4a46d-1ec3-4c75-ad15-04aaca19ff64","node_id":3,"log_level":"INFO","message_type":"LOG","message":"INFO: General operation log for Inventory Service.","service_name":"Inventory Service","timestamp":"2024-11-18T00:47:32.831962"}
{"log_id":"f4aae150-1444-40bf-97f7-60cfe0da5d5c","node_id":3,"log_level":"INFO","message_type":"LOG","message":"INFO: General operation log for Inventory Service.","service_name":"Inventory Service","timestamp":"2024-11-18T00:47:33.833352"}
{"node_id":3,"message_type":"HEARTBEAT","status":"UP","timestamp":"2024-11-18T00:47:34.795211"}
{"log_id":"81d537ea-2b1f-4e05-b00e-a6d885b1ecee","node_id":3,"log_level":"INFO","message_type":"LOG","message":"INFO: General operation log for Inventory Service.","service_name":"Inventory Service","timestamp":"2024-11-18T00:47:34.835016"}
{"message_type":"REGISTRY","node_id":3,"service_name":"Inventory Service","status":"DOWN","timestamp":"2024-11-18T00:47:35.211821"}
{"node_id":3,"message_type":"HEARTBEAT","status":"UP","timestamp":"2024-11-18T01:01:52.433050"}
{"node_id":3,"message_type":"REGISTRATION","service_name":"Inventory Service","timestamp":"2024-11-18T01:01:52.433564"}
{"message_type":"REGISTRY","node_id":3,"service_name":"Inventory Service","status":"UP","timestamp":"2024-11-18T01:01:52.437114"}
{"log_id":"03e1aac4-049b-4ed0-959b-36be696b1203","node_id":3,"log_level":"INFO","message_type":"LOG","message":"INFO: General operation log for Inventory Service.","service_name":"Inventory Service","timestamp":"2024-11-18T01:01:52.437114"}
{"log_id":"2a3c8db5-37e8-469b-970d-734360dcdb82","node_id":3,"log_level":"WARN","message_type":"LOG","message":"WARN: Response time high for Inventory Service.","service_name":"Inventory Service","response_time_ms":444,"threshold_limit_ms":300,"timestamp":"2024-11-18T01:01:53.438424"}
{"log_id":"c38df6f9-2f41-4344-8f7c-28e73e6fea6b","node_id":3,"log_level":"WARN","message_type":"LOG","message":"WARN: Response time high for Inventory Service.","service_name":"Inventory Service","response_time_ms":455,"threshold_limit_ms":300,"timestamp":"2024-11-18T01:01:54.445682"}
{"log_id":"c85b0211-ad93-421a-afff-ca3b764891fe","node_id":3,"log_level":"WARN","message_type":"LOG","message":"WARN: Response time high for Inventory Service.","service_name":"Inventory Service","response_time_ms":414,"threshold_limit_ms":300,"timestamp":"2024-11-18T01:01:55.447489"}
{"log_id":"741ba2ad-c802-4530-82c2-c2215a5cecfd","node_id":3,"log_level":"INFO","message_type":"LOG","message":"INFO: General operation log for Inventory Service.","service_name":"Inventory Service","timestamp":"2024-11-18T01:01:56.448223"}
{"node_id":3,"message_type":"HEARTBEAT","status":"UP","timestamp":"2024-11-18T01:01:57.447095"}
{"log_id":"cd73b147-3922-43fe-8e9f-4e719dfc457e","node_id":3,"log_level":"ERROR","message_type":"LOG","message":"ERROR: Issue detected in Inventory Service.","service_name":"Inventory Service","error_details":{"error_code":"500","error_message":"Internal server error"},"timestamp":"2024-11-18T01:01:57.449098"}
{"log_id":"3f613035-ce02-44cd-8c60-1d5f8f2d01ca","node_id":3,"log_level":"WARN","message_type":"LOG","message":"WARN: Response time high for Inventory Service.","service_name":"Inventory Service","response_time_ms":487,"threshold_limit_ms":300,"timestamp":"2024-11-18T01:01:58.450061"}
{"log_id":"0c99eade-bcc2-4a6f-8a2b-cf3884e317d2","node_id":3,"log_level":"WARN","message_type":"LOG","message":"WARN: Response time high for Inventory Service.","service_name":"Inventory Service","response_time_ms":468,"threshold_limit_ms":300,"timestamp":"2024-11-18T01:01:59.450934"}
{"log_id":"6cd05789-cf72-46bd-8b65-178a672896e2","node_id":3,"log_level":"INFO","message_type":"LOG","message":"INFO: General operation log for Inventory Service.","service_name":"Inventory Service","timestamp":"2024-11-18T01:02:00.454616"}
{"log_id":"95b935cc-baba-442a-a0b7-103f4facc66d","node_id":3,"log_level":"INFO","message_type":"LOG","message":"INFO: General operation log for Inventory Service.","service_name":"Inventory Service","timestamp":"2024-11-18T01:02:01.456164"}
{"node_id":3,"message_type":"HEARTBEAT","status":"UP","timestamp":"2024-11-18T01:02:02.448006"}
{"log_id":"c7e02f8a-bd95-4a1a-a341-39b6bb7a8169","node_id":3,"log_level":"ERROR","message_type":"LOG","message":"ERROR: Issue detected in Inventory Service.","service_name":"Inventory Service","error_details":{"error_code":"500","error_message":"Internal server error"},"timestamp":"2024-11-18T01:02:02.470291"}
{"log_id":"e577b8f2-c598-40d1-8cc2-0359cd016ccd","node_id":3,"log_level":"WARN","message_type":"LOG","message":"WARN: Response time high for Inventory Service.","service_name":"Inventory Service","response_time_ms":416,"threshold_limit_ms":300,"timestamp":"2024-11-18T01:02:03.471356"}
{"log_id":"7bc2b39d-4047-44f5-b789-df91c93193a7","node_id":3,"log_level":"WARN","message_type":"LOG","message":"WARN: Response time high for Inventory Service.","service_name":"Inventory Service","response_time_ms":490,"threshold_limit_ms":300,"timestamp":"2024-11-18T01:02:04.472243"}
{"log_id":"c65ee700-dce1-4b03-9ca8-74f70c340b4f","node_id":3,"log_level":"WARN","message_type":"LOG","message":"WARN: Response time high for Inventory Service.","service_name":"Inventory Service","response_time_ms":441,"threshold_limit_ms":300,"timestamp":"2024-11-18T01:02:05.477491"}
{"log_id":"60f17cf5-3333-4180-ac95-a9a653ff8a1b","node_id":3,"log_level":"INFO","message_type":"LOG","message":"INFO: General operation log for Inventory Service.","service_name":"Inventory Service","timestamp":"2024-11-18T01:02:06.478440"}
{"node_id":3,"message_type":"HEARTBEAT","status":"UP","timestamp":"2024-11-18T01:02:07.449268"}
{"log_id":"409a6f94-5973-4818-bed7-884f5d3e9832","node_id":3,"log_level":"INFO","message_type":"LOG","message":"INFO: General operation log for Inventory Service.","service_name":"Inventory Service","timestamp":"2024-11-18T01:02:07.479499"}
{"log_id":"610d9883-97ad-4585-9dda-8d7e8f194a72","node_id":3,"log_level":"INFO","message_type":"LOG","message":"INFO: General operation log for Inventory Service.","service_name":"Inventory Service","timestamp":"2024-11-18T01:02:08.480292"}
{"log_id":"cc11d590-3e5c-4ec4-9528-2a745fbc79c6","node_id":3,"log_level":"WARN","message_type":"LOG","message":"WARN: Response time high for Inventory Service.","service_name":"Inventory Service","response_time_ms":426,"threshold_limit_ms":300,"timestamp":"2024-11-18T01:02:09.481758"}
{"log_id":"0563534b-3275-4ac8-b243-f53f59ed3f7f","node_id":3,"log_level":"INFO","message_type":"LOG","message":"INFO: General operation log for Inventory Service.","service_name":"Inventory Service","timestamp":"2024-11-18T01:02:10.485529"}
{"log_id":"d33178e9-5f29-4836-a1ac-60a19e412635","node_id":3,"log_level":"WARN","message_type":"LOG","message":"WARN: Response time high for Inventory Service.","service_name":"Inventory Service","response_time_ms":428,"threshold_limit_ms":300,"timestamp":"2024-11-18T01:02:11.489619"}
{"node_id":3,"message_type":"HEARTBEAT","status":"UP","timestamp":"2024-11-18T01:02:12.450411"}
{"log_id":"f9bfee21-8f49-4f68-b3fe-8b7f091d6208","node_id":3,"log_level":"INFO","message_type":"LOG","message":"INFO: General operation log for Inventory Service.","service_name":"Inventory Service","timestamp":"2024-11-18T01:02:12.491098"}
{"log_id":"fdd678ae-2cbc-4c30-a395-581ee2ece3ed","node_id":3,"log_level":"INFO","message_type":"LOG","message":"INFO: General operation log for Inventory Service.","service_name":"Inventory Service","timestamp":"2024-11-18T01:02:13.492089"}
{"log_id":"34c6f7f5-ad26-4be0-9593-40220351046e","node_id":3,"log_level":"INFO","message_type":"LOG","message":"INFO: General operation log for Inventory Service.","service_name":"Inventory Service","timestamp":"2024-11-18T01:02:14.493543"}
{"log_id":"c785bcb7-bd71-4582-9d6d-001b3a8b4eeb","node_id":3,"log_level":"INFO","message_type":"LOG","message":"INFO: General operation log for Inventory Service.","service_name":"Inventory Service","timestamp":"2024-11-18T01:02:15.496071"}
{"log_id":"521c97b7-bb66-498b-a7aa-79e3e077d929","node_id":3,"log_level":"WARN","message_type":"LOG","message":"WARN: Response time high for Inventory Service.","service_name":"Inventory Service","response_time_ms":400,"threshold_limit_ms":300,"timestamp":"2024-11-18T01:02:16.499901"}
{"node_id":3,"message_type":"HEARTBEAT","status":"UP","timestamp":"2024-11-18T01:02:17.451667"}
{"log_id":"b11c3b08-c440-4e9e-a1ec-662a61611fa2","node_id":3,"log_level":"INFO","message_type":"LOG","message":"INFO: General operation log for Inventory Service.","service_name":"Inventory Service","timestamp":"2024-11-18T01:02:17.501104"}
{"log_id":"830bfdad-ddd6-4b25-a73e-ac72f9bb6540","node_id":3,"log_level":"WARN","message_type":"LOG","message":"WARN: Response time high for Inventory Service.","service_name":"Inventory Service","response_time_ms":430,"threshold_limit_ms":300,"timestamp":"2024-11-18T01:02:18.502537"}
{"log_id":"da530a34-8d35-4303-866e-b51550e8420c","node_id":3,"log_level":"WARN","message_type":"LOG","message":"WARN: Response time high for Inventory Service.","service_name":"Inventory Service","response_time_ms":485,"threshold_limit_ms":300,"timestamp":"2024-11-18T01:02:19.504833"}
{"log_id":"87422fd1-32d6-405c-ab38-956e845e2369","node_id":3,"log_level":"INFO","message_type":"LOG","message":"INFO: General operation log for Inventory Service.","service_name":"Inventory Service","timestamp":"2024-11-18T01:02:20.506150"}
{"log_id":"2aa0caec-1f3f-4788-9e92-266055be135d","node_id":3,"log_level":"INFO","message_type":"LOG","message":"INFO: General operation log for Inventory Service.","service_name":"Inventory Service","timestamp":"2024-11-18T01:02:21.507108"}
{"node_id":3,"message_type":"HEARTBEAT","status":"UP","timestamp":"2024-11-18T01:02:22.460194"}
{"log_id":"f7a22e12-c7cf-46ca-8704-7452aee3136f","node_id":3,"log_level":"INFO","message_type":"LOG","message":"INFO: General operation log for Inventory Service.","service_name":"Inventory Service","timestamp":"2024-11-18T01:02:22.508868"}
{"log_id":"5f6dcd7c-8f42-425c-9ddb-27f0edb9e0b6","node_id":3,"log_level":"INFO","message_type":"LOG","message":"INFO: General operation log for Inventory Service.","service_name":"Inventory Service","timestamp":"2024-11-18T01:02:23.510237"}
{"log_id":"1b9205a1-85f9-454c-9c35-8217b9124e73","node_id":3,"log_level":"WARN","message_type":"LOG","message":"WARN: Response time high for Inventory Service.","service_name":"Inventory Service","response_time_ms":453,"threshold_limit_ms":300,"timestamp":"2024-11-18T01:02:24.526505"}
{"log_id":"16cf3b97-d929-4759-aa84-03526a5ebdb8","node_id":3,"log_level":"WARN","message_type":"LOG","message":"WARN: Response time high for Inventory Service.","service_name":"Inventory Service","response_time_ms":432,"threshold_limit_ms":300,"timestamp":"2024-11-18T01:02:25.528172"}
{"log_id":"fc2bdf69-ad26-46b0-80fb-41d0c0107bf9","node_id":3,"log_level":"WARN","message_type":"LOG","message":"WARN: Response time high for Inventory Service.","service_name":"Inventory Service","response_time_ms":410,"threshold_limit_ms":300,"timestamp":"2024-11-18T01:02:26.529988"}
{"node_id":3,"message_type":"HEARTBEAT","status":"UP","timestamp":"2024-11-18T01:02:27.462185"}
{"log_id":"729b361c-5475-4bf9-a9dc-881baeb7be6e","node_id":3,"log_level":"INFO","message_type":"LOG","message":"INFO: General operation log for Inventory Service.","service_name":"Inventory Service","timestamp":"2024-11-18T01:02:27.532666"}
{"log_id":"cfc87f5e-b35b-47b4-b9ed-68b9c688153a","node_id":3,"log_level":"INFO","message_type":"LOG","message":"INFO: General operation log for Inventory Service.","service_name":"Inventory Service","timestamp":"2024-11-18T01:02:28.538069"}
{"log_id":"ed3e28ad-84f4-4278-b577-25fb7ab4fe6d","node_id":3,"log_level":"WARN","message_type":"LOG","message":"WARN: Response time high for Inventory Service.","service_name":"Inventory Service","response_time_ms":446,"threshold_limit_ms":300,"timestamp":"2024-11-18T01:02:29.542490"}
{"log_id":"ca05e126-0f0a-424a-aeb8-714ee6e75c0d","node_id":3,"log_level":"WARN","message_type":"LOG","message":"WARN: Response time high for Inventory Service.","service_name":"Inventory Service","response_time_ms":467,"threshold_limit_ms":300,"timestamp":"2024-11-18T01:02:30.544626"}
{"log_id":"ab076bde-b141-45e8-9619-c0a7f8e3008e","node_id":3,"log_level":"INFO","message_type":"LOG","message":"INFO: General operation log for Inventory Service.","service_name":"Inventory Service","timestamp":"2024-11-18T01:02:31.545551"}
{"node_id":3,"message_type":"HEARTBEAT","status":"UP","timestamp":"2024-11-18T01:02:32.465413"}
{"log_id":"216b3d91-5021-43cd-9a0e-2436a4d142eb","node_id":3,"log_level":"INFO","message_type":"LOG","message":"INFO: General operation log for Inventory Service.","service_name":"Inventory Service","timestamp":"2024-11-18T01:02:32.546587"}
{"log_id":"d07033cb-7b71-4a44-8f85-8d3fc8b4a7bd","node_id":3,"log_level":"INFO","message_type":"LOG","message":"INFO: General operation log for Inventory Service.","service_name":"Inventory Service","timestamp":"2024-11-18T01:02:33.547591"}
{"log_id":"767fea0c-341a-4503-8506-177a75e55d23","node_id":3,"log_level":"INFO","message_type":"LOG","message":"INFO: General operation log for Inventory Service.","service_name":"Inventory Service","timestamp":"2024-11-18T01:02:34.548606"}
{"log_id":"9731ab91-f819-4390-9428-c052b48b1789","node_id":3,"log_level":"WARN","message_type":"LOG","message":"WARN: Response time high for Inventory Service.","service_name":"Inventory Service","response_time_ms":468,"threshold_limit_ms":300,"timestamp":"2024-11-18T01:02:35.549461"}
{"log_id":"19e2a841-031b-474a-b550-f5503043c403","node_id":3,"log_level":"INFO","message_type":"LOG","message":"INFO: General operation log for Inventory Service.","service_name":"Inventory Service","timestamp":"2024-11-18T01:02:36.550179"}
{"node_id":3,"message_type":"HEARTBEAT","status":"UP","timestamp":"2024-11-18T01:02:37.469716"}
{"log_id":"a1473da8-7cc3-4b9a-bfb9-2370b34d3355","node_id":3,"log_level":"INFO","message_type":"LOG","message":"INFO: General operation log for Inventory Service.","service_name":"Inventory Service","timestamp":"2024-11-18T01:02:37.551076"}
{"log_id":"3d72256b-172f-49db-8247-d7952d9b56ca","node_id":3,"log_level":"INFO","message_type":"LOG","message":"INFO: General operation log for Inventory Service.","service_name":"Inventory Service","timestamp":"2024-11-18T01:02:38.557816"}
{"log_id":"a000aedc-a0b8-4134-b9d3-63fa0ad65f26","node_id":3,"log_level":"WARN","message_type":"LOG","message":"WARN: Response time high for Inventory Service.","service_name":"Inventory Service","response_time_ms":440,"threshold_limit_ms":300,"timestamp":"2024-11-18T01:02:39.559503"}
{"log_id":"c8ad770b-b0cf-47eb-a9ee-4929a06123d7","node_id":3,"log_level":"WARN","message_type":"LOG","message":"WARN: Response time high for Inventory Service.","service_name":"Inventory Service","response_time_ms":471,"threshold_limit_ms":300,"timestamp":"2024-11-18T01:02:40.560234"}
{"log_id":"a618cb9b-73a5-495c-8768-092587741675","node_id":3,"log_level":"INFO","message_type":"LOG","message":"INFO: General operation log for Inventory Service.","service_name":"Inventory Service","timestamp":"2024-11-18T01:02:41.562705"}
{"node_id":3,"message_type":"HEARTBEAT","status":"UP","timestamp":"2024-11-18T01:02:42.473569"}
{"log_id":"7ff7d73b-c877-4871-8af4-8ea5932ee7f9","node_id":3,"log_level":"INFO","message_type":"LOG","message":"INFO: General operation log for Inventory Service.","service_name":"Inventory Service","timestamp":"2024-11-18T01:02:42.564888"}
{"log_id":"2c7a0b52-374c-4ea2-97a7-1455a3f97a8f","node_id":3,"log_level":"INFO","message_type":"LOG","message":"INFO: General operation log for Inventory Service.","service_name":"Inventory Service","timestamp":"2024-11-18T01:02:43.565925"}
{"log_id":"0e61a8e8-3b40-4680-bd78-bcf2a2768f2f","node_id":3,"log_level":"INFO","message_type":"LOG","message":"INFO: General operation log for Inventory Service.","service_name":"Inventory Service","timestamp":"2024-11-18T01:02:44.567068"}
{"log_id":"8a90611a-a676-4a9f-8112-07bb00a0c49d","node_id":3,"log_level":"WARN","message_type":"LOG","message":"WARN: Response time high for Inventory Service.","service_name":"Inventory Service","response_time_ms":449,"threshold_limit_ms":300,"timestamp":"2024-11-18T01:02:45.568299"}
{"log_id":"ec7ae96f-4659-4ab2-97c5-c281889d90aa","node_id":3,"log_level":"ERROR","message_type":"LOG","message":"ERROR: Issue detected in Inventory Service.","service_name":"Inventory Service","error_details":{"error_code":"500","error_message":"Internal server error"},"timestamp":"2024-11-18T01:02:46.571273"}
{"node_id":3,"message_type":"HEARTBEAT","status":"UP","timestamp":"2024-11-18T01:02:47.475710"}
{"log_id":"0f3afda3-b587-40e1-89e2-6ca2b03c2a4b","node_id":3,"log_level":"INFO","message_type":"LOG","message":"INFO: General operation log for Inventory Service.","service_name":"Inventory Service","timestamp":"2024-11-18T01:02:47.572528"}
{"log_id":"5b1dd04f-9fe8-44c2-a99d-2d126bfef92d","node_id":3,"log_level":"INFO","message_type":"LOG","message":"INFO: General operation log for Inventory Service.","service_name":"Inventory Service","timestamp":"2024-11-18T01:02:48.573638"}
{"log_id":"02361406-b428-4c95-8c74-c0853f7eba59","node_id":3,"log_level":"INFO","message_type":"LOG","message":"INFO: General operation log for Inventory Service.","service_name":"Inventory Service","timestamp":"2024-11-18T01:02:49.574945"}
{"log_id":"0ab428da-505a-4be4-91f0-713fb05baa06","node_id":3,"log_level":"WARN","message_type":"LOG","message":"WARN: Response time high for Inventory Service.","service_name":"Inventory Service","response_time_ms":455,"threshold_limit_ms":300,"timestamp":"2024-11-18T01:02:50.575681"}
{"log_id":"e40329e9-ea17-451d-8e41-2433a0301ced","node_id":3,"log_level":"INFO","message_type":"LOG","message":"INFO: General operation log for Inventory Service.","service_name":"Inventory Service","timestamp":"2024-11-18T01:02:51.576713"}
{"node_id":3,"message_type":"HEARTBEAT","status":"UP","timestamp":"2024-11-18T01:02:52.479032"}
{"log_id":"00d3e507-f314-40b9-9c2b-6b5b7cfd85c4","node_id":3,"log_level":"WARN","message_type":"LOG","message":"WARN: Response time high for Inventory Service.","service_name":"Inventory Service","response_time_ms":402,"threshold_limit_ms":300,"timestamp":"2024-11-18T01:02:52.577641"}
{"log_id":"501bf3bd-ad60-4e8d-967f-b93fca5dde42","node_id":3,"log_level":"WARN","message_type":"LOG","message":"WARN: Response time high for Inventory Service.","service_name":"Inventory Service","response_time_ms":450,"threshold_limit_ms":300,"timestamp":"2024-11-18T01:02:53.578870"}
{"log_id":"e9ff046a-ea80-4153-a506-6e828f304299","node_id":3,"log_level":"INFO","message_type":"LOG","message":"INFO: General operation log for Inventory Service.","service_name":"Inventory Service","timestamp":"2024-11-18T01:02:54.581126"}
{"log_id":"539ef6a4-7c04-45d3-b4bb-34a7c2c79abb","node_id":3,"log_level":"WARN","message_type":"LOG","message":"WARN: Response time high for Inventory Service.","service_name":"Inventory Service","response_time_ms":418,"threshold_limit_ms":300,"timestamp":"2024-11-18T01:02:55.582428"}
{"log_id":"f27b0bd5-ebc9-4a9d-9d5a-41d7ed468ef8","node_id":3,"log_level":"WARN","message_type":"LOG","message":"WARN: Response time high for Inventory Service.","service_name":"Inventory Service","response_time_ms":419,"threshold_limit_ms":300,"timestamp":"2024-11-18T01:02:56.585782"}
{"node_id":3,"message_type":"HEARTBEAT","status":"UP","timestamp":"2024-11-18T01:02:57.482246"}
{"log_id":"c540d4da-acb8-4621-a77d-c2ba951b5329","node_id":3,"log_level":"INFO","message_type":"LOG","message":"INFO: General operation log for Inventory Service.","service_name":"Inventory Service","timestamp":"2024-11-18T01:02:57.586444"}
{"message_type":"REGISTRY","node_id":3,"service_name":"Inventory Service","status":"DOWN","timestamp":"2024-11-18T01:02:58.500867"}
{"node_id":3,"message_type":"HEARTBEAT","status":"UP","timestamp":"2024-11-18T01:06:30.613436"}
{"node_id":3,"message_type":"REGISTRATION","service_name":"Inventory Service","timestamp":"2024-11-18T01:06:30.614477"}
{"message_type":"REGISTRY","node_id":3,"service_name":"Inventory Service","status":"UP","timestamp":"2024-11-18T01:06:30.628512"}
{"log_id":"3fc88b71-d1f9-4a1a-80c0-6b8e15051381","node_id":3,"log_level":"WARN","message_type":"LOG","message":"WARN: Response time high for Inventory Service.","service_name":"Inventory Service","response_time_ms":495,"threshold_limit_ms":300,"timestamp":"2024-11-18T01:06:30.629502"}
{"log_id":"4038c81a-9bdb-42fd-84ad-dc9bfd2ba380","node_id":3,"log_level":"INFO","message_type":"LOG","message":"INFO: General operation log for Inventory Service.","service_name":"Inventory Service","timestamp":"2024-11-18T01:06:31.630085"}
{"log_id":"720197fc-b067-4255-96d0-ec4f1a3792f3","node_id":3,"log_level":"INFO","message_type":"LOG","message":"INFO: General operation log for Inventory Service.","service_name":"Inventory Service","timestamp":"2024-11-18T01:06:32.630674"}
{"log_id":"d9c0ac43-cf5b-496f-9e59-3334acac749b","node_id":3,"log_level":"INFO","message_type":"LOG","message":"INFO: General operation log for Inventory Service.","service_name":"Inventory Service","timestamp":"2024-11-18T01:06:33.631768"}
{"log_id":"e3a3494f-266b-4957-b604-d6b177e21811","node_id":3,"log_level":"INFO","message_type":"LOG","message":"INFO: General operation log for Inventory Service.","service_name":"Inventory Service","timestamp":"2024-11-18T01:06:34.632501"}
{"node_id":3,"message_type":"HEARTBEAT","status":"UP","timestamp":"2024-11-18T01:06:35.629109"}
{"log_id":"c4bad46c-a40d-4c5c-8464-0efae4427f3e","node_id":3,"log_level":"INFO","message_type":"LOG","message":"INFO: General operation log for Inventory Service.","service_name":"Inventory Service","timestamp":"2024-11-18T01:06:35.635774"}
{"log_id":"a8a55fa8-f38d-4a09-bc4c-6e6fc680a6b9","node_id":3,"log_level":"WARN","message_type":"LOG","message":"WARN: Response time high for Inventory Service.","service_name":"Inventory Service","response_time_ms":408,"threshold_limit_ms":300,"timestamp":"2024-11-18T01:06:36.638717"}
{"log_id":"10719a8a-25e5-43c5-9282-b3870b8aa651","node_id":3,"log_level":"ERROR","message_type":"LOG","message":"ERROR: Issue detected in Inventory Service.","service_name":"Inventory Service","error_details":{"error_code":"500","error_message":"Internal server error"},"timestamp":"2024-11-18T01:06:37.639761"}
{"log_id":"ecfa2183-cebc-4f70-8a7f-0a06004bb09c","node_id":3,"log_level":"INFO","message_type":"LOG","message":"INFO: General operation log for Inventory Service.","service_name":"Inventory Service","timestamp":"2024-11-18T01:06:38.641179"}
{"log_id":"49bfe474-a3d0-49af-a80b-44d707f92e3c","node_id":3,"log_level":"WARN","message_type":"LOG","message":"WARN: Response time high for Inventory Service.","service_name":"Inventory Service","response_time_ms":491,"threshold_limit_ms":300,"timestamp":"2024-11-18T01:06:39.642789"}
{"node_id":3,"message_type":"HEARTBEAT","status":"UP","timestamp":"2024-11-18T01:06:40.630267"}
{"log_id":"7026ab39-1106-447c-932a-200f85dbd7bb","node_id":3,"log_level":"ERROR","message_type":"LOG","message":"ERROR: Issue detected in Inventory Service.","service_name":"Inventory Service","error_details":{"error_code":"500","error_message":"Internal server error"},"timestamp":"2024-11-18T01:06:40.646544"}
{"log_id":"5d850144-a4d5-49ab-bd9e-f63e2ef0286e","node_id":3,"log_level":"INFO","message_type":"LOG","message":"INFO: General operation log for Inventory Service.","service_name":"Inventory Service","timestamp":"2024-11-18T01:06:41.649115"}
{"log_id":"2c0a1fa2-3300-4651-8558-229d3cd50fb1","node_id":3,"log_level":"ERROR","message_type":"LOG","message":"ERROR: Issue detected in Inventory Service.","service_name":"Inventory Service","error_details":{"error_code":"500","error_message":"Internal server error"},"timestamp":"2024-11-18T01:06:42.655535"}
{"log_id":"3da3ec75-10a4-422a-b7bd-5713d4491703","node_id":3,"log_level":"INFO","message_type":"LOG","message":"INFO: General operation log for Inventory Service.","service_name":"Inventory Service","timestamp":"2024-11-18T01:06:43.656507"}
{"log_id":"aa3c2aa9-aa0a-4b18-93ce-0a7aeeed9225","node_id":3,"log_level":"INFO","message_type":"LOG","message":"INFO: General operation log for Inventory Service.","service_name":"Inventory Service","timestamp":"2024-11-18T01:06:44.657246"}
{"node_id":3,"message_type":"HEARTBEAT","status":"UP","timestamp":"2024-11-18T01:06:45.631748"}
{"log_id":"51769a9c-d92c-44f2-8145-1f4960a92bc9","node_id":3,"log_level":"WARN","message_type":"LOG","message":"WARN: Response time high for Inventory Service.","service_name":"Inventory Service","response_time_ms":452,"threshold_limit_ms":300,"timestamp":"2024-11-18T01:06:45.658268"}
{"log_id":"c4963738-994d-4078-b378-193e90884e72","node_id":3,"log_level":"INFO","message_type":"LOG","message":"INFO: General operation log for Inventory Service.","service_name":"Inventory Service","timestamp":"2024-11-18T01:06:46.659160"}
{"log_id":"4ea6c6f2-0e4c-4f12-83a5-95b732fd2eea","node_id":3,"log_level":"INFO","message_type":"LOG","message":"INFO: General operation log for Inventory Service.","service_name":"Inventory Service","timestamp":"2024-11-18T01:06:47.660038"}
{"log_id":"9299e74e-29b8-4722-b29f-759328f81402","node_id":3,"log_level":"WARN","message_type":"LOG","message":"WARN: Response time high for Inventory Service.","service_name":"Inventory Service","response_time_ms":485,"threshold_limit_ms":300,"timestamp":"2024-11-18T01:06:48.661126"}
{"log_id":"686042bf-efc8-4da2-a0c5-b2a2d14cf767","node_id":3,"log_level":"ERROR","message_type":"LOG","message":"ERROR: Issue detected in Inventory Service.","service_name":"Inventory Service","error_details":{"error_code":"500","error_message":"Internal server error"},"timestamp":"2024-11-18T01:06:49.662929"}
{"message_type":"REGISTRY","node_id":3,"service_name":"Inventory Service","status":"DOWN","timestamp":"2024-11-18T01:06:49.833878"}
{"node_id":3,"message_type":"HEARTBEAT","status":"UP","timestamp":"2024-11-18T01:09:30.452453"}
{"node_id":3,"message_type":"REGISTRATION","service_name":"Inventory Service","timestamp":"2024-11-18T01:09:30.453465"}
{"message_type":"REGISTRY","node_id":3,"service_name":"Inventory Service","status":"UP","timestamp":"2024-11-18T01:09:30.456487"}
{"log_id":"72df0217-15e5-4d9c-80a7-74dd1683f636","node_id":3,"log_level":"WARN","message_type":"LOG","message":"WARN: Response time high for Inventory Service.","service_name":"Inventory Service","response_time_ms":452,"threshold_limit_ms":300,"timestamp":"2024-11-18T01:09:30.456487"}
{"log_id":"6911fdd3-1df0-4bb4-9308-0eb8efb13987","node_id":3,"log_level":"INFO","message_type":"LOG","message":"INFO: General operation log for Inventory Service.","service_name":"Inventory Service","timestamp":"2024-11-18T01:09:31.457211"}
{"log_id":"245b93b6-81e1-434c-8566-3f71e95a1d11","node_id":3,"log_level":"WARN","message_type":"LOG","message":"WARN: Response time high for Inventory Service.","service_name":"Inventory Service","response_time_ms":401,"threshold_limit_ms":300,"timestamp":"2024-11-18T01:09:32.457832"}
{"log_id":"8095e276-c66e-4b7c-82c1-7913ae358a25","node_id":3,"log_level":"INFO","message_type":"LOG","message":"INFO: General operation log for Inventory Service.","service_name":"Inventory Service","timestamp":"2024-11-18T01:09:33.458698"}
{"log_id":"2d70f556-02c4-4b08-80b1-7b98b08f18ec","node_id":3,"log_level":"WARN","message_type":"LOG","message":"WARN: Response time high for Inventory Service.","service_name":"Inventory Service","response_time_ms":467,"threshold_limit_ms":300,"timestamp":"2024-11-18T01:09:34.460331"}
{"node_id":3,"message_type":"HEARTBEAT","status":"UP","timestamp":"2024-11-18T01:09:35.456530"}
{"log_id":"9c4ae777-0077-46fc-87e5-9886921abc39","node_id":3,"log_level":"INFO","message_type":"LOG","message":"INFO: General operation log for Inventory Service.","service_name":"Inventory Service","timestamp":"2024-11-18T01:09:35.461073"}
{"log_id":"971cd7fa-def9-4269-8f03-a9f5ec7d00e7","node_id":3,"log_level":"WARN","message_type":"LOG","message":"WARN: Response time high for Inventory Service.","service_name":"Inventory Service","response_time_ms":417,"threshold_limit_ms":300,"timestamp":"2024-11-18T01:09:36.464406"}
{"log_id":"018f4247-39cc-47e6-a2a6-4cdb81840f60","node_id":3,"log_level":"WARN","message_type":"LOG","message":"WARN: Response time high for Inventory Service.","service_name":"Inventory Service","response_time_ms":402,"threshold_limit_ms":300,"timestamp":"2024-11-18T01:09:37.465050"}
{"log_id":"1f85a3cb-f9c7-4fcf-aa82-f452c50b7d3f","node_id":3,"log_level":"INFO","message_type":"LOG","message":"INFO: General operation log for Inventory Service.","service_name":"Inventory Service","timestamp":"2024-11-18T01:09:38.465996"}
{"log_id":"3e8d1aa0-09a4-4995-8343-e0af381756b8","node_id":3,"log_level":"ERROR","message_type":"LOG","message":"ERROR: Issue detected in Inventory Service.","service_name":"Inventory Service","error_details":{"error_code":"500","error_message":"Internal server error"},"timestamp":"2024-11-18T01:09:39.466451"}
{"node_id":3,"message_type":"HEARTBEAT","status":"UP","timestamp":"2024-11-18T01:09:40.457532"}
{"log_id":"681d5232-4390-4b6b-a90d-30389544d3c2","node_id":3,"log_level":"INFO","message_type":"LOG","message":"INFO: General operation log for Inventory Service.","service_name":"Inventory Service","timestamp":"2024-11-18T01:09:40.471175"}
{"log_id":"1501bb9d-79ce-42aa-9e7f-ea454e41b731","node_id":3,"log_level":"INFO","message_type":"LOG","message":"INFO: General operation log for Inventory Service.","service_name":"Inventory Service","timestamp":"2024-11-18T01:09:41.472156"}
{"log_id":"485a5caa-a33f-46d1-b71c-8cf2d2838c6e","node_id":3,"log_level":"WARN","message_type":"LOG","message":"WARN: Response time high for Inventory Service.","service_name":"Inventory Service","response_time_ms":475,"threshold_limit_ms":300,"timestamp":"2024-11-18T01:09:42.472949"}
{"log_id":"22154f88-bcd9-4a32-a48e-cac4249579f2","node_id":3,"log_level":"WARN","message_type":"LOG","message":"WARN: Response time high for Inventory Service.","service_name":"Inventory Service","response_time_ms":493,"threshold_limit_ms":300,"timestamp":"2024-11-18T01:09:43.473881"}
{"log_id":"6a888174-c59b-4db2-b9a3-ef4897b59a23","node_id":3,"log_level":"WARN","message_type":"LOG","message":"WARN: Response time high for Inventory Service.","service_name":"Inventory Service","response_time_ms":419,"threshold_limit_ms":300,"timestamp":"2024-11-18T01:09:44.474857"}
{"node_id":3,"message_type":"HEARTBEAT","status":"UP","timestamp":"2024-11-18T01:09:45.458227"}
{"log_id":"bb869469-8ba7-4f21-8775-3a26d7e7a904","node_id":3,"log_level":"INFO","message_type":"LOG","message":"INFO: General operation log for Inventory Service.","service_name":"Inventory Service","timestamp":"2024-11-18T01:09:45.475334"}
{"log_id":"643cb118-60aa-436c-b626-30b57150ef2b","node_id":3,"log_level":"INFO","message_type":"LOG","message":"INFO: General operation log for Inventory Service.","service_name":"Inventory Service","timestamp":"2024-11-18T01:09:46.476044"}
{"log_id":"30ee95a4-3872-49f4-afa2-e8746ef1d476","node_id":3,"log_level":"INFO","message_type":"LOG","message":"INFO: General operation log for Inventory Service.","service_name":"Inventory Service","timestamp":"2024-11-18T01:09:47.476953"}
{"log_id":"47e098d5-29eb-499b-9c5b-d518f8adf270","node_id":3,"log_level":"INFO","message_type":"LOG","message":"INFO: General operation log for Inventory Service.","service_name":"Inventory Service","timestamp":"2024-11-18T01:09:48.477716"}
{"log_id":"02052cc6-2840-479d-a94f-e93f6e41e39d","node_id":3,"log_level":"INFO","message_type":"LOG","message":"INFO: General operation log for Inventory Service.","service_name":"Inventory Service","timestamp":"2024-11-18T01:09:49.478171"}
{"node_id":3,"message_type":"HEARTBEAT","status":"UP","timestamp":"2024-11-18T01:09:50.459118"}
{"log_id":"bf447156-833a-4d12-a7f9-6724a378614b","node_id":3,"log_level":"WARN","message_type":"LOG","message":"WARN: Response time high for Inventory Service.","service_name":"Inventory Service","response_time_ms":487,"threshold_limit_ms":300,"timestamp":"2024-11-18T01:09:50.478776"}
{"log_id":"44697bff-bfc1-4e79-a68f-f4981a2ddf92","node_id":3,"log_level":"INFO","message_type":"LOG","message":"INFO: General operation log for Inventory Service.","service_name":"Inventory Service","timestamp":"2024-11-18T01:09:51.479484"}
{"log_id":"619ed082-f3b8-4636-b6a3-2f03aaf9ed01","node_id":3,"log_level":"INFO","message_type":"LOG","message":"INFO: General operation log for Inventory Service.","service_name":"Inventory Service","timestamp":"2024-11-18T01:09:52.480030"}
{"log_id":"0306ee61-cb0f-4408-aed9-09a0cff0890c","node_id":3,"log_level":"WARN","message_type":"LOG","message":"WARN: Response time high for Inventory Service.","service_name":"Inventory Service","response_time_ms":499,"threshold_limit_ms":300,"timestamp":"2024-11-18T01:09:53.481001"}
{"log_id":"c7387e23-4380-4209-8fda-89f7a62bd92b","node_id":3,"log_level":"INFO","message_type":"LOG","message":"INFO: General operation log for Inventory Service.","service_name":"Inventory Service","timestamp":"2024-11-18T01:09:54.482038"}
{"node_id":3,"message_type":"HEARTBEAT","status":"UP","timestamp":"2024-11-18T01:09:55.459982"}
{"log_id":"de5342dd-74ef-443e-9a88-0356f6766cc5","node_id":3,"log_level":"WARN","message_type":"LOG","message":"WARN: Response time high for Inventory Service.","service_name":"Inventory Service","response_time_ms":407,"threshold_limit_ms":300,"timestamp":"2024-11-18T01:09:55.482561"}
{"log_id":"1f067c31-3fa4-4ac3-b0bd-71dad2476c69","node_id":3,"log_level":"WARN","message_type":"LOG","message":"WARN: Response time high for Inventory Service.","service_name":"Inventory Service","response_time_ms":430,"threshold_limit_ms":300,"timestamp":"2024-11-18T01:09:56.484611"}
{"log_id":"dcd97d62-302d-46cd-8212-bfac5db09fc9","node_id":3,"log_level":"INFO","message_type":"LOG","message":"INFO: General operation log for Inventory Service.","service_name":"Inventory Service","timestamp":"2024-11-18T01:09:57.486225"}
{"log_id":"7311a8bf-5faf-471f-a3a4-b21def6a374c","node_id":3,"log_level":"WARN","message_type":"LOG","message":"WARN: Response time high for Inventory Service.","service_name":"Inventory Service","response_time_ms":406,"threshold_limit_ms":300,"timestamp":"2024-11-18T01:09:58.487743"}
{"log_id":"b8aea159-3063-4b52-a753-b25cf33e0dcf","node_id":3,"log_level":"INFO","message_type":"LOG","message":"INFO: General operation log for Inventory Service.","service_name":"Inventory Service","timestamp":"2024-11-18T01:09:59.488717"}
{"node_id":3,"message_type":"HEARTBEAT","status":"UP","timestamp":"2024-11-18T01:10:00.460584"}
{"log_id":"ab2e1243-665a-4a50-81a9-6c94863f9e7a","node_id":3,"log_level":"INFO","message_type":"LOG","message":"INFO: General operation log for Inventory Service.","service_name":"Inventory Service","timestamp":"2024-11-18T01:10:00.489219"}
{"log_id":"ba355999-55b0-4d02-80ca-c3bd44c59a0e","node_id":3,"log_level":"INFO","message_type":"LOG","message":"INFO: General operation log for Inventory Service.","service_name":"Inventory Service","timestamp":"2024-11-18T01:10:01.490278"}
{"log_id":"cdd90b2e-ce8d-4a8f-9e0b-bab2009800c9","node_id":3,"log_level":"INFO","message_type":"LOG","message":"INFO: General operation log for Inventory Service.","service_name":"Inventory Service","timestamp":"2024-11-18T01:10:02.491174"}
{"log_id":"069f1080-58b4-4670-94e1-054d1c7aa8f9","node_id":3,"log_level":"ERROR","message_type":"LOG","message":"ERROR: Issue detected in Inventory Service.","service_name":"Inventory Service","error_details":{"error_code":"500","error_message":"Internal server error"},"timestamp":"2024-11-18T01:10:03.492038"}
{"log_id":"816777b2-a1f4-4bc9-aecd-bae3dc388eef","node_id":3,"log_level":"ERROR","message_type":"LOG","message":"ERROR: Issue detected in Inventory Service.","service_name":"Inventory Service","error_details":{"error_code":"500","error_message":"Internal server error"},"timestamp":"2024-11-18T01:10:04.492498"}
{"node_id":3,"message_type":"HEARTBEAT","status":"UP","timestamp":"2024-11-18T01:10:05.461270"}
{"log_id":"8082bde5-3ea5-4ca7-9912-d9ec817e9232","node_id":3,"log_level":"INFO","message_type":"LOG","message":"INFO: General operation log for Inventory Service.","service_name":"Inventory Service","timestamp":"2024-11-18T01:10:05.493605"}
{"log_id":"7f1b0b72-48d8-4d5d-900e-0e92a98c2bc3","node_id":3,"log_level":"INFO","message_type":"LOG","message":"INFO: General operation log for Inventory Service.","service_name":"Inventory Service","timestamp":"2024-11-18T01:10:06.495517"}
{"message_type":"REGISTRY","node_id":3,"service_name":"Inventory Service","status":"DOWN","timestamp":"2024-11-18T01:10:06.750810"}
{"node_id":3,"message_type":"HEARTBEAT","status":"UP","timestamp":"2024-11-18T18:33:04.384049"}
{"node_id":3,"message_type":"REGISTRATION","service_name":"Inventory Service","timestamp":"2024-11-18T18:33:04.384049"}
{"message_type":"REGISTRY","node_id":3,"service_name":"Inventory Service","status":"UP","timestamp":"2024-11-18T18:33:04.387812"}
{"log_id":"e5691d1f-9ef3-4491-bb43-2537e222b8a8","node_id":3,"log_level":"ERROR","message_type":"LOG","message":"ERROR: Issue detected in Inventory Service.","service_name":"Inventory Service","error_details":{"error_code":"500","error_message":"Internal server error"},"timestamp":"2024-11-18T18:33:04.387812"}
{"log_id":"126b9dc4-7dd0-47d6-bf01-3150394b67c1","node_id":3,"log_level":"WARN","message_type":"LOG","message":"WARN: Response time high for Inventory Service.","service_name":"Inventory Service","response_time_ms":462,"threshold_limit_ms":300,"timestamp":"2024-11-18T18:33:05.388685"}
{"log_id":"d614d93c-6676-4f99-a4d7-c8a20ca5b822","node_id":3,"log_level":"INFO","message_type":"LOG","message":"INFO: General operation log for Inventory Service.","service_name":"Inventory Service","timestamp":"2024-11-18T18:33:06.389528"}
{"log_id":"2e0fb0c8-dacb-460e-8faf-6ac49d270ea5","node_id":3,"log_level":"INFO","message_type":"LOG","message":"INFO: General operation log for Inventory Service.","service_name":"Inventory Service","timestamp":"2024-11-18T18:33:07.391397"}
{"log_id":"08cbe492-e0d9-4333-bd6b-4b0aefee7a4b","node_id":3,"log_level":"INFO","message_type":"LOG","message":"INFO: General operation log for Inventory Service.","service_name":"Inventory Service","timestamp":"2024-11-18T18:33:08.392972"}
{"node_id":3,"message_type":"HEARTBEAT","status":"UP","timestamp":"2024-11-18T18:33:09.389631"}
{"log_id":"3d7885f3-6c90-4dd6-a982-bcad5a0a1a71","node_id":3,"log_level":"INFO","message_type":"LOG","message":"INFO: General operation log for Inventory Service.","service_name":"Inventory Service","timestamp":"2024-11-18T18:33:09.393800"}
{"log_id":"9ab7e973-fde0-48fd-9cb7-0ff91eba5f9d","node_id":3,"log_level":"INFO","message_type":"LOG","message":"INFO: General operation log for Inventory Service.","service_name":"Inventory Service","timestamp":"2024-11-18T18:33:10.395364"}
{"log_id":"07e8b25e-62e4-4f5f-af12-a9d3d3cd80c2","node_id":3,"log_level":"INFO","message_type":"LOG","message":"INFO: General operation log for Inventory Service.","service_name":"Inventory Service","timestamp":"2024-11-18T18:33:11.396694"}
{"log_id":"506fcb02-376c-436b-ada0-90b39cc0d7d6","node_id":3,"log_level":"WARN","message_type":"LOG","message":"WARN: Response time high for Inventory Service.","service_name":"Inventory Service","response_time_ms":474,"threshold_limit_ms":300,"timestamp":"2024-11-18T18:33:12.398081"}
{"log_id":"b8bcc21f-7af1-42a6-8e93-34c831e0f6f3","node_id":3,"log_level":"WARN","message_type":"LOG","message":"WARN: Response time high for Inventory Service.","service_name":"Inventory Service","response_time_ms":421,"threshold_limit_ms":300,"timestamp":"2024-11-18T18:33:13.403191"}
{"node_id":3,"message_type":"HEARTBEAT","status":"UP","timestamp":"2024-11-18T18:33:14.393393"}
{"log_id":"6b9bf8cb-4d28-4ccc-be31-4cb841eeec60","node_id":3,"log_level":"WARN","message_type":"LOG","message":"WARN: Response time high for Inventory Service.","service_name":"Inventory Service","response_time_ms":415,"threshold_limit_ms":300,"timestamp":"2024-11-18T18:33:14.406799"}
{"log_id":"ed1498f7-78db-4d39-9c05-e42147959969","node_id":3,"log_level":"INFO","message_type":"LOG","message":"INFO: General operation log for Inventory Service.","service_name":"Inventory Service","timestamp":"2024-11-18T18:33:15.408748"}
{"log_id":"b86711e4-77f0-4b67-84bc-ef6d4c8617b9","node_id":3,"log_level":"INFO","message_type":"LOG","message":"INFO: General operation log for Inventory Service.","service_name":"Inventory Service","timestamp":"2024-11-18T18:33:16.409672"}
{"log_id":"55332f50-8a9d-495a-92f0-1a6b32b86f51","node_id":3,"log_level":"WARN","message_type":"LOG","message":"WARN: Response time high for Inventory Service.","service_name":"Inventory Service","response_time_ms":462,"threshold_limit_ms":300,"timestamp":"2024-11-18T18:33:17.416807"}
{"log_id":"661ce29d-826b-41c6-965b-56d695299f85","node_id":3,"log_level":"INFO","message_type":"LOG","message":"INFO: General operation log for Inventory Service.","service_name":"Inventory Service","timestamp":"2024-11-18T18:33:18.421174"}
{"node_id":3,"message_type":"HEARTBEAT","status":"UP","timestamp":"2024-11-18T18:33:19.403974"}
{"log_id":"30faa08a-b30e-479f-ae9f-17d68f10470d","node_id":3,"log_level":"INFO","message_type":"LOG","message":"INFO: General operation log for Inventory Service.","service_name":"Inventory Service","timestamp":"2024-11-18T18:33:19.422303"}
{"log_id":"97cae676-92e1-465e-9376-34f933047541","node_id":3,"log_level":"INFO","message_type":"LOG","message":"INFO: General operation log for Inventory Service.","service_name":"Inventory Service","timestamp":"2024-11-18T18:33:20.424192"}
{"log_id":"2b95016a-4c14-4d98-9cb4-b15176fa035b","node_id":3,"log_level":"WARN","message_type":"LOG","message":"WARN: Response time high for Inventory Service.","service_name":"Inventory Service","response_time_ms":455,"threshold_limit_ms":300,"timestamp":"2024-11-18T18:33:21.425294"}
{"log_id":"0242c756-fddb-42df-8a0d-5a513015047c","node_id":3,"log_level":"INFO","message_type":"LOG","message":"INFO: General operation log for Inventory Service.","service_name":"Inventory Service","timestamp":"2024-11-18T18:33:22.429493"}
{"log_id":"64c7d16b-60fe-43c7-91a3-280f3dbbee64","node_id":3,"log_level":"ERROR","message_type":"LOG","message":"ERROR: Issue detected in Inventory Service.","service_name":"Inventory Service","error_details":{"error_code":"500","error_message":"Internal server error"},"timestamp":"2024-11-18T18:33:23.431678"}
{"node_id":3,"message_type":"HEARTBEAT","status":"UP","timestamp":"2024-11-18T18:33:24.406166"}
{"log_id":"993f0481-a04c-4c51-b463-a4ae6734c1e3","node_id":3,"log_level":"WARN","message_type":"LOG","message":"WARN: Response time high for Inventory Service.","service_name":"Inventory Service","response_time_ms":440,"threshold_limit_ms":300,"timestamp":"2024-11-18T18:33:24.433196"}
{"log_id":"5987b131-c1f5-429a-a36b-3bfc551c4ae8","node_id":3,"log_level":"INFO","message_type":"LOG","message":"INFO: General operation log for Inventory Service.","service_name":"Inventory Service","timestamp":"2024-11-18T18:33:25.434647"}
{"log_id":"2f918d20-c72d-4001-824d-7b36682eb017","node_id":3,"log_level":"ERROR","message_type":"LOG","message":"ERROR: Issue detected in Inventory Service.","service_name":"Inventory Service","error_details":{"error_code":"500","error_message":"Internal server error"},"timestamp":"2024-11-18T18:33:26.436825"}
{"log_id":"efab5c85-059c-4c66-a50d-3aa2335cc2c7","node_id":3,"log_level":"INFO","message_type":"LOG","message":"INFO: General operation log for Inventory Service.","service_name":"Inventory Service","timestamp":"2024-11-18T18:33:27.452430"}
{"log_id":"69cbd155-2823-4827-8be9-598a8e7610fb","node_id":3,"log_level":"INFO","message_type":"LOG","message":"INFO: General operation log for Inventory Service.","service_name":"Inventory Service","timestamp":"2024-11-18T18:33:28.470686"}
{"node_id":3,"message_type":"HEARTBEAT","status":"UP","timestamp":"2024-11-18T18:33:29.430865"}
{"log_id":"7d365147-df0e-4847-ae03-44bc3741b785","node_id":3,"log_level":"INFO","message_type":"LOG","message":"INFO: General operation log for Inventory Service.","service_name":"Inventory Service","timestamp":"2024-11-18T18:33:29.484005"}
{"log_id":"e2338c72-65a7-46ec-81f4-7c2e07a9a8ec","node_id":3,"log_level":"INFO","message_type":"LOG","message":"INFO: General operation log for Inventory Service.","service_name":"Inventory Service","timestamp":"2024-11-18T18:33:30.499815"}
{"log_id":"f467ea66-4e55-4ca0-a289-ce9f29f4bec8","node_id":3,"log_level":"INFO","message_type":"LOG","message":"INFO: General operation log for Inventory Service.","service_name":"Inventory Service","timestamp":"2024-11-18T18:33:31.501695"}
{"log_id":"e6f4e616-9377-4e92-a61e-1b6d6772a525","node_id":3,"log_level":"INFO","message_type":"LOG","message":"INFO: General operation log for Inventory Service.","service_name":"Inventory Service","timestamp":"2024-11-18T18:33:32.503105"}
{"log_id":"494ed182-c0b0-4e77-a67d-1453a4621dc0","node_id":3,"log_level":"ERROR","message_type":"LOG","message":"ERROR: Issue detected in Inventory Service.","service_name":"Inventory Service","error_details":{"error_code":"500","error_message":"Internal server error"},"timestamp":"2024-11-18T18:33:33.504299"}
{"node_id":3,"message_type":"HEARTBEAT","status":"UP","timestamp":"2024-11-18T18:33:34.433749"}
{"log_id":"9e9b9bb7-6b25-4c97-a67a-93fe9cff4482","node_id":3,"log_level":"WARN","message_type":"LOG","message":"WARN: Response time high for Inventory Service.","service_name":"Inventory Service","response_time_ms":494,"threshold_limit_ms":300,"timestamp":"2024-11-18T18:33:34.505667"}
{"log_id":"19523aec-baf6-4173-8e8a-e11c499cee0f","node_id":3,"log_level":"WARN","message_type":"LOG","message":"WARN: Response time high for Inventory Service.","service_name":"Inventory Service","response_time_ms":409,"threshold_limit_ms":300,"timestamp":"2024-11-18T18:33:35.507501"}
{"log_id":"754325a0-57bd-438d-b493-bfe246925c7f","node_id":3,"log_level":"WARN","message_type":"LOG","message":"WARN: Response time high for Inventory Service.","service_name":"Inventory Service","response_time_ms":484,"threshold_limit_ms":300,"timestamp":"2024-11-18T18:33:36.508595"}
{"log_id":"6f40b7bc-bcec-4071-94f8-bd8c8c97975d","node_id":3,"log_level":"WARN","message_type":"LOG","message":"WARN: Response time high for Inventory Service.","service_name":"Inventory Service","response_time_ms":430,"threshold_limit_ms":300,"timestamp":"2024-11-18T18:33:37.509483"}
{"log_id":"c4983f3f-a54a-44bc-be77-8fb952dc5542","node_id":3,"log_level":"WARN","message_type":"LOG","message":"WARN: Response time high for Inventory Service.","service_name":"Inventory Service","response_time_ms":452,"threshold_limit_ms":300,"timestamp":"2024-11-18T18:33:38.510170"}
{"node_id":3,"message_type":"HEARTBEAT","status":"UP","timestamp":"2024-11-18T18:33:39.434706"}
{"log_id":"0d787f70-f987-4514-a5e6-d065597fcc38","node_id":3,"log_level":"ERROR","message_type":"LOG","message":"ERROR: Issue detected in Inventory Service.","service_name":"Inventory Service","error_details":{"error_code":"500","error_message":"Internal server error"},"timestamp":"2024-11-18T18:33:39.511306"}
{"log_id":"f1740975-a767-4319-ac19-412a7b4b59e4","node_id":3,"log_level":"INFO","message_type":"LOG","message":"INFO: General operation log for Inventory Service.","service_name":"Inventory Service","timestamp":"2024-11-18T18:33:40.512088"}
{"log_id":"297489f1-adf2-45cd-a699-4fb4d6b2304e","node_id":3,"log_level":"INFO","message_type":"LOG","message":"INFO: General operation log for Inventory Service.","service_name":"Inventory Service","timestamp":"2024-11-18T18:33:41.513051"}
{"log_id":"800392be-bcbf-4bde-94dc-5571ce05f889","node_id":3,"log_level":"ERROR","message_type":"LOG","message":"ERROR: Issue detected in Inventory Service.","service_name":"Inventory Service","error_details":{"error_code":"500","error_message":"Internal server error"},"timestamp":"2024-11-18T18:33:42.513815"}
{"log_id":"f2dc4d13-d070-4395-bc82-ee4b9602eb05","node_id":3,"log_level":"WARN","message_type":"LOG","message":"WARN: Response time high for Inventory Service.","service_name":"Inventory Service","response_time_ms":453,"threshold_limit_ms":300,"timestamp":"2024-11-18T18:33:43.514506"}
{"node_id":3,"message_type":"HEARTBEAT","status":"UP","timestamp":"2024-11-18T18:33:44.437019"}
{"log_id":"5fd73377-158b-4584-8037-8295954ef2e4","node_id":3,"log_level":"WARN","message_type":"LOG","message":"WARN: Response time high for Inventory Service.","service_name":"Inventory Service","response_time_ms":494,"threshold_limit_ms":300,"timestamp":"2024-11-18T18:33:44.515030"}
{"log_id":"363d822f-dab0-416c-a8e0-56672f6ee346","node_id":3,"log_level":"WARN","message_type":"LOG","message":"WARN: Response time high for Inventory Service.","service_name":"Inventory Service","response_time_ms":460,"threshold_limit_ms":300,"timestamp":"2024-11-18T18:33:45.515743"}
{"log_id":"aca8ddb9-dd0a-4b04-929c-44a336e5e6ad","node_id":3,"log_level":"WARN","message_type":"LOG","message":"WARN: Response time high for Inventory Service.","service_name":"Inventory Service","response_time_ms":420,"threshold_limit_ms":300,"timestamp":"2024-11-18T18:33:46.516975"}
{"log_id":"d6219e75-2f45-45e5-882a-a8225829cea4","node_id":3,"log_level":"INFO","message_type":"LOG","message":"INFO: General operation log for Inventory Service.","service_name":"Inventory Service","timestamp":"2024-11-18T18:33:47.518817"}
{"log_id":"a57e8697-921f-4635-82c7-9cb8280154a8","node_id":3,"log_level":"INFO","message_type":"LOG","message":"INFO: General operation log for Inventory Service.","service_name":"Inventory Service","timestamp":"2024-11-18T18:33:48.519750"}
{"node_id":3,"message_type":"HEARTBEAT","status":"UP","timestamp":"2024-11-18T18:33:49.438154"}
{"log_id":"b1394ccb-7506-4b43-830a-486b87338c06","node_id":3,"log_level":"WARN","message_type":"LOG","message":"WARN: Response time high for Inventory Service.","service_name":"Inventory Service","response_time_ms":459,"threshold_limit_ms":300,"timestamp":"2024-11-18T18:33:49.520873"}
{"log_id":"313c1d52-e0f7-4024-aa18-6749d3e4aff1","node_id":3,"log_level":"ERROR","message_type":"LOG","message":"ERROR: Issue detected in Inventory Service.","service_name":"Inventory Service","error_details":{"error_code":"500","error_message":"Internal server error"},"timestamp":"2024-11-18T18:33:50.521627"}
{"log_id":"7a22c4c4-af32-4f41-a45b-ab701a11b67a","node_id":3,"log_level":"INFO","message_type":"LOG","message":"INFO: General operation log for Inventory Service.","service_name":"Inventory Service","timestamp":"2024-11-18T18:33:51.522824"}
{"log_id":"656b9294-aad4-4621-9716-c8544704e0d1","node_id":3,"log_level":"INFO","message_type":"LOG","message":"INFO: General operation log for Inventory Service.","service_name":"Inventory Service","timestamp":"2024-11-18T18:33:52.523733"}
{"log_id":"822986c5-1f01-4aeb-9bcb-75a8edb09601","node_id":3,"log_level":"INFO","message_type":"LOG","message":"INFO: General operation log for Inventory Service.","service_name":"Inventory Service","timestamp":"2024-11-18T18:33:53.524259"}
{"node_id":3,"message_type":"HEARTBEAT","status":"UP","timestamp":"2024-11-18T18:33:54.439051"}
{"log_id":"5f8b5f9b-58bc-4c14-80a0-c198492293b9","node_id":3,"log_level":"WARN","message_type":"LOG","message":"WARN: Response time high for Inventory Service.","service_name":"Inventory Service","response_time_ms":446,"threshold_limit_ms":300,"timestamp":"2024-11-18T18:33:54.525076"}
{"log_id":"3f2ed434-bb1f-47b7-b00b-5cd56cf464ca","node_id":3,"log_level":"INFO","message_type":"LOG","message":"INFO: General operation log for Inventory Service.","service_name":"Inventory Service","timestamp":"2024-11-18T18:33:55.525834"}
{"log_id":"71158734-2627-4786-9df0-1ec4dbf4281d","node_id":3,"log_level":"INFO","message_type":"LOG","message":"INFO: General operation log for Inventory Service.","service_name":"Inventory Service","timestamp":"2024-11-18T18:33:56.526762"}
{"log_id":"d76eb27d-8ca4-4707-96e2-8584eb26061e","node_id":3,"log_level":"INFO","message_type":"LOG","message":"INFO: General operation log for Inventory Service.","service_name":"Inventory Service","timestamp":"2024-11-18T18:33:57.527473"}
{"log_id":"c5c34055-4940-4a89-9f24-310e76eee606","node_id":3,"log_level":"WARN","message_type":"LOG","message":"WARN: Response time high for Inventory Service.","service_name":"Inventory Service","response_time_ms":433,"threshold_limit_ms":300,"timestamp":"2024-11-18T18:33:58.529247"}
{"node_id":3,"message_type":"HEARTBEAT","status":"UP","timestamp":"2024-11-18T18:33:59.440159"}
{"log_id":"1c2a2961-fb7d-4d33-a714-af4a7aad2925","node_id":3,"log_level":"INFO","message_type":"LOG","message":"INFO: General operation log for Inventory Service.","service_name":"Inventory Service","timestamp":"2024-11-18T18:33:59.531410"}
{"log_id":"96a8da06-d5f2-47af-b5a0-2534c41747ff","node_id":3,"log_level":"WARN","message_type":"LOG","message":"WARN: Response time high for Inventory Service.","service_name":"Inventory Service","response_time_ms":402,"threshold_limit_ms":300,"timestamp":"2024-11-18T18:34:00.532313"}
{"log_id":"843f2001-3841-4107-891d-df2369188130","node_id":3,"log_level":"INFO","message_type":"LOG","message":"INFO: General operation log for Inventory Service.","service_name":"Inventory Service","timestamp":"2024-11-18T18:34:01.533148"}
{"log_id":"4f4255f0-60e0-4287-beaf-70387ca3cb36","node_id":3,"log_level":"INFO","message_type":"LOG","message":"INFO: General operation log for Inventory Service.","service_name":"Inventory Service","timestamp":"2024-11-18T18:34:02.534061"}
{"log_id":"3bdaa3c6-57dc-4984-a725-759f4d48d58a","node_id":3,"log_level":"INFO","message_type":"LOG","message":"INFO: General operation log for Inventory Service.","service_name":"Inventory Service","timestamp":"2024-11-18T18:34:03.535645"}
{"node_id":3,"message_type":"HEARTBEAT","status":"UP","timestamp":"2024-11-18T18:34:04.440745"}
{"log_id":"786aebe1-0ca0-4bcd-8a80-b92f50502ba5","node_id":3,"log_level":"INFO","message_type":"LOG","message":"INFO: General operation log for Inventory Service.","service_name":"Inventory Service","timestamp":"2024-11-18T18:34:04.536757"}
{"log_id":"6c8d34a3-a7b5-47fc-9512-657edae7af99","node_id":3,"log_level":"ERROR","message_type":"LOG","message":"ERROR: Issue detected in Inventory Service.","service_name":"Inventory Service","error_details":{"error_code":"500","error_message":"Internal server error"},"timestamp":"2024-11-18T18:34:05.559653"}
{"log_id":"cf1eadd1-0def-43b3-8a7e-642e1e1601c8","node_id":3,"log_level":"ERROR","message_type":"LOG","message":"ERROR: Issue detected in Inventory Service.","service_name":"Inventory Service","error_details":{"error_code":"500","error_message":"Internal server error"},"timestamp":"2024-11-18T18:34:06.569448"}
{"log_id":"d3b8bc7a-8528-4014-b3cc-e1d9cb76045a","node_id":3,"log_level":"INFO","message_type":"LOG","message":"INFO: General operation log for Inventory Service.","service_name":"Inventory Service","timestamp":"2024-11-18T18:34:07.599521"}
{"log_id":"8087f4ad-4e19-4652-86ae-d08e5858cf11","node_id":3,"log_level":"WARN","message_type":"LOG","message":"WARN: Response time high for Inventory Service.","service_name":"Inventory Service","response_time_ms":403,"threshold_limit_ms":300,"timestamp":"2024-11-18T18:34:08.601512"}
{"node_id":3,"message_type":"HEARTBEAT","status":"UP","timestamp":"2024-11-18T18:34:09.451158"}
{"log_id":"8961758f-1f46-4e36-9dd3-a458c633668a","node_id":3,"log_level":"INFO","message_type":"LOG","message":"INFO: General operation log for Inventory Service.","service_name":"Inventory Service","timestamp":"2024-11-18T18:34:09.607069"}
{"log_id":"cafc42ec-0dba-4492-aeff-3aaba3542d9f","node_id":3,"log_level":"WARN","message_type":"LOG","message":"WARN: Response time high for Inventory Service.","service_name":"Inventory Service","response_time_ms":401,"threshold_limit_ms":300,"timestamp":"2024-11-18T18:34:10.611012"}
{"log_id":"77618003-c548-4437-b93b-591473ff21e4","node_id":3,"log_level":"WARN","message_type":"LOG","message":"WARN: Response time high for Inventory Service.","service_name":"Inventory Service","response_time_ms":478,"threshold_limit_ms":300,"timestamp":"2024-11-18T18:34:11.612718"}
{"log_id":"7e36cb10-1f95-4470-97b5-727fb323f276","node_id":3,"log_level":"INFO","message_type":"LOG","message":"INFO: General operation log for Inventory Service.","service_name":"Inventory Service","timestamp":"2024-11-18T18:34:12.613696"}
{"log_id":"d19af6ef-1709-4419-81f5-4e4b604c6b05","node_id":3,"log_level":"INFO","message_type":"LOG","message":"INFO: General operation log for Inventory Service.","service_name":"Inventory Service","timestamp":"2024-11-18T18:34:13.614459"}
{"node_id":3,"message_type":"HEARTBEAT","status":"UP","timestamp":"2024-11-18T18:34:14.452270"}
{"log_id":"82c72789-3341-4f1b-9847-85ab69157f43","node_id":3,"log_level":"INFO","message_type":"LOG","message":"INFO: General operation log for Inventory Service.","service_name":"Inventory Service","timestamp":"2024-11-18T18:34:14.615243"}
{"log_id":"259de94c-4777-4435-be0f-79f10b86ad86","node_id":3,"log_level":"WARN","message_type":"LOG","message":"WARN: Response time high for Inventory Service.","service_name":"Inventory Service","response_time_ms":441,"threshold_limit_ms":300,"timestamp":"2024-11-18T18:34:15.616026"}
{"log_id":"9d6d5d66-7c59-45c7-a7e7-67b9b045d9c0","node_id":3,"log_level":"INFO","message_type":"LOG","message":"INFO: General operation log for Inventory Service.","service_name":"Inventory Service","timestamp":"2024-11-18T18:34:16.616796"}
{"log_id":"b65cd21e-bf21-41a6-bab6-744fb1936644","node_id":3,"log_level":"INFO","message_type":"LOG","message":"INFO: General operation log for Inventory Service.","service_name":"Inventory Service","timestamp":"2024-11-18T18:34:17.618551"}
{"log_id":"9789a00d-00d7-4e72-9804-7a78dec6a6fe","node_id":3,"log_level":"WARN","message_type":"LOG","message":"WARN: Response time high for Inventory Service.","service_name":"Inventory Service","response_time_ms":458,"threshold_limit_ms":300,"timestamp":"2024-11-18T18:34:18.619991"}
{"node_id":3,"message_type":"HEARTBEAT","status":"UP","timestamp":"2024-11-18T18:34:19.453020"}
{"log_id":"86344b99-4e00-4b7e-b846-68f014cb35b2","node_id":3,"log_level":"INFO","message_type":"LOG","message":"INFO: General operation log for Inventory Service.","service_name":"Inventory Service","timestamp":"2024-11-18T18:34:19.621136"}
{"log_id":"d8b1a6f5-730e-4440-838a-cc26e036c43d","node_id":3,"log_level":"WARN","message_type":"LOG","message":"WARN: Response time high for Inventory Service.","service_name":"Inventory Service","response_time_ms":460,"threshold_limit_ms":300,"timestamp":"2024-11-18T18:34:20.623143"}
{"message_type":"REGISTRY","node_id":3,"service_name":"Inventory Service","status":"DOWN","timestamp":"2024-11-18T18:34:21.480899"}
